  Logistic.cpp
C:\Users\Влад\source\repos\course_work_2curs_2sem\course_work_2curs_2sem\Logistic.cpp(105,22): warning C4018: '<': signed/unsigned mismatch
C:\Users\Влад\source\repos\course_work_2curs_2sem\course_work_2curs_2sem\trees\AVL.h(186,28): warning C4101: 'R': unreferenced local variable
C:\Users\Влад\source\repos\course_work_2curs_2sem\course_work_2curs_2sem\trees\AVL.h(183): message : while compiling class template member function 'int AVL<int,Delivery *>::Errase_class::_errase(const T1 &)'
          with
          [
              T1=int
          ]
C:\Users\Влад\source\repos\course_work_2curs_2sem\course_work_2curs_2sem\trees\AVL.h(77): message : see reference to class template instantiation 'AVL<int,Delivery *>::Errase_class' being compiled
C:\Users\Влад\source\repos\course_work_2curs_2sem\course_work_2curs_2sem\trees\AVL.h(75): message : while compiling class template member function 'void AVL<int,Delivery *>::copyConstructor(void)'
C:\Users\Влад\source\repos\course_work_2curs_2sem\course_work_2curs_2sem\Logistic.cpp(9): message : see reference to class template instantiation 'AVL<int,Delivery *>' being compiled
C:\Users\Влад\source\repos\course_work_2curs_2sem\course_work_2curs_2sem\trees\SearchBinaryTree.h(336,35): warning C4101: 'tmp_3': unreferenced local variable
C:\Users\Влад\source\repos\course_work_2curs_2sem\course_work_2curs_2sem\trees\SearchBinaryTree.h(335): message : while compiling class template member function 'int SearchBinaryTree<T1,T2>::Errase_class::_errase(const T1 &)'
          with
          [
              T1=int,
              T2=Delivery *
          ]
C:\Users\Влад\source\repos\course_work_2curs_2sem\course_work_2curs_2sem\trees\AVL.h(170): message : see reference to class template instantiation 'SearchBinaryTree<T1,T2>::Errase_class' being compiled
          with
          [
              T1=int,
              T2=Delivery *
          ]
C:\Users\Влад\source\repos\course_work_2curs_2sem\course_work_2curs_2sem\trees\AVL.h(105,17): warning C4101: 'a': unreferenced local variable
C:\Users\Влад\source\repos\course_work_2curs_2sem\course_work_2curs_2sem\trees\AVL.h(99): message : while compiling class template member function 'int AVL<int,Delivery *>::Append_class::_append(const T1 &,const T2 &)'
          with
          [
              T1=int,
              T2=Delivery *
          ]
C:\Users\Влад\source\repos\course_work_2curs_2sem\course_work_2curs_2sem\trees\AVL.h(76): message : see reference to class template instantiation 'AVL<int,Delivery *>::Append_class' being compiled
C:\Users\Влад\source\repos\course_work_2curs_2sem\course_work_2curs_2sem\trees\AVL.h(101,23): warning C4101: 'S': unreferenced local variable
C:\Users\Влад\source\repos\course_work_2curs_2sem\course_work_2curs_2sem\Logistic.h(59): warning C4715: 'CmpForInt::compare': not all control paths return a value
C:\Users\Влад\source\repos\course_work_2curs_2sem\course_work_2curs_2sem\trees\SearchBinaryTree.h(358): warning C4715: 'SearchBinaryTree<int,Delivery *>::Errase_class::_errase': not all control paths return a value
C:\Users\Влад\source\repos\course_work_2curs_2sem\course_work_2curs_2sem\trees\SearchBinaryTree.h(316): warning C4715: 'SearchBinaryTree<int,Delivery *>::Append_class::_append': not all control paths return a value
C:\Users\Влад\source\repos\course_work_2curs_2sem\course_work_2curs_2sem\trees\SearchBinaryTree.h(575): warning C4715: 'SearchBinaryTree<int,Delivery *>::Link': not all control paths return a value
  course_work_2curs_2sem.vcxproj -> C:\Users\Влад\source\repos\course_work_2curs_2sem\Debug\course_work_2curs_2sem.exe
