c:\users\влад\source\repos\course_work_2curs_2sem\course_work_2curs_2sem\debug\vc142.pdb
c:\users\влад\source\repos\course_work_2curs_2sem\course_work_2curs_2sem\debug\vc142.idb
c:\users\влад\source\repos\course_work_2curs_2sem\course_work_2curs_2sem\debug\main.obj
c:\users\влад\source\repos\course_work_2curs_2sem\course_work_2curs_2sem\debug\logistic.obj
c:\users\влад\source\repos\course_work_2curs_2sem\course_work_2curs_2sem\debug\funcs.obj
c:\users\влад\source\repos\course_work_2curs_2sem\course_work_2curs_2sem\debug\deliverygenerator.obj
c:\users\влад\source\repos\course_work_2curs_2sem\course_work_2curs_2sem\debug\delivery.obj
c:\users\влад\source\repos\course_work_2curs_2sem\course_work_2curs_2sem\debug\cargo.obj
c:\users\влад\source\repos\course_work_2curs_2sem\course_work_2curs_2sem\debug\station.obj
c:\users\влад\source\repos\course_work_2curs_2sem\course_work_2curs_2sem\debug\astar.obj
c:\users\влад\source\repos\course_work_2curs_2sem\course_work_2curs_2sem\debug\tree_exception.obj
c:\users\влад\source\repos\course_work_2curs_2sem\course_work_2curs_2sem\debug\tree.obj
c:\users\влад\source\repos\course_work_2curs_2sem\course_work_2curs_2sem\debug\node.obj
c:\users\влад\source\repos\course_work_2curs_2sem\course_work_2curs_2sem\debug\cmp.obj
c:\users\влад\source\repos\course_work_2curs_2sem\course_work_2curs_2sem\debug\searchbinarytree.obj
c:\users\влад\source\repos\course_work_2curs_2sem\course_work_2curs_2sem\debug\avl.obj
c:\users\влад\source\repos\course_work_2curs_2sem\debug\course_work_2curs_2sem.exe
c:\users\влад\source\repos\course_work_2curs_2sem\debug\course_work_2curs_2sem.ilk
c:\users\влад\source\repos\course_work_2curs_2sem\debug\course_work_2curs_2sem.pdb
c:\users\влад\source\repos\course_work_2curs_2sem\course_work_2curs_2sem\debug\course_w.4a8332a7.tlog\cl.command.1.tlog
c:\users\влад\source\repos\course_work_2curs_2sem\course_work_2curs_2sem\debug\course_w.4a8332a7.tlog\cl.read.1.tlog
c:\users\влад\source\repos\course_work_2curs_2sem\course_work_2curs_2sem\debug\course_w.4a8332a7.tlog\cl.write.1.tlog
c:\users\влад\source\repos\course_work_2curs_2sem\course_work_2curs_2sem\debug\course_w.4a8332a7.tlog\link.command.1.tlog
c:\users\влад\source\repos\course_work_2curs_2sem\course_work_2curs_2sem\debug\course_w.4a8332a7.tlog\link.read.1.tlog
c:\users\влад\source\repos\course_work_2curs_2sem\course_work_2curs_2sem\debug\course_w.4a8332a7.tlog\link.write.1.tlog
